[0.017s] Invoking command in '/home/junwoo/dev_ws/build/tutorial_interfaces': CMAKE_PREFIX_PATH=${CMAKE_PREFIX_PATH}:/opt/ros/foxy /usr/bin/cmake --build /home/junwoo/dev_ws/build/tutorial_interfaces -- -j8 -l8
[0.044s] -- Found ament_cmake: 0.9.9 (/opt/ros/foxy/share/ament_cmake/cmake)
[0.066s] -- Using PYTHON_EXECUTABLE: /usr/bin/python3
[0.231s] -- Found ament_lint_auto: 0.9.6 (/opt/ros/foxy/share/ament_lint_auto/cmake)
[0.342s] -- Found rosidl_default_generators: 1.0.1 (/opt/ros/foxy/share/rosidl_default_generators/cmake)
[0.345s] -- Using all available rosidl_typesupport_c: rosidl_typesupport_fastrtps_c;rosidl_typesupport_introspection_c
[0.348s] -- Found rosidl_adapter: 1.2.1 (/opt/ros/foxy/share/rosidl_adapter/cmake)
[0.475s] -- Using all available rosidl_typesupport_cpp: rosidl_typesupport_fastrtps_cpp;rosidl_typesupport_introspection_cpp
[0.518s] -- Found PythonInterp: /usr/bin/python3 (found version "3.8.10") 
[0.622s] -- Found ament_cmake_ros: 0.9.2 (/opt/ros/foxy/share/ament_cmake_ros/cmake)
[0.710s] -- Using all available rosidl_typesupport_c: rosidl_typesupport_fastrtps_c;rosidl_typesupport_introspection_c
[0.719s] -- Using all available rosidl_typesupport_cpp: rosidl_typesupport_fastrtps_cpp;rosidl_typesupport_introspection_cpp
[0.741s] -- Found PythonInterp: /usr/bin/python3 (found suitable version "3.8.10", minimum required is "3.5") 
[0.743s] -- Found python_cmake_module: 0.8.1 (/opt/ros/foxy/share/python_cmake_module/cmake)
[0.769s] -- Found PythonLibs: /usr/lib/x86_64-linux-gnu/libpython3.8.so (found suitable version "3.8.10", minimum required is "3.5") 
[0.769s] -- Using PYTHON_EXECUTABLE: /usr/bin/python3
[0.769s] -- Using PYTHON_INCLUDE_DIRS: /usr/include/python3.8
[0.769s] -- Using PYTHON_LIBRARIES: /usr/lib/x86_64-linux-gnu/libpython3.8.so
[0.789s] -- Found PythonExtra: .so  
[0.831s] -- Added test 'copyright' to check source files copyright and LICENSE
[0.833s] -- Added test 'lint_cmake' to check CMake code style
[0.834s] -- Added test 'xmllint' to check XML markup files
[0.842s] -- Configuring done
[0.875s] -- Generating done
[0.878s] -- Build files have been written to: /home/junwoo/dev_ws/build/tutorial_interfaces
[0.901s] [  2%] [34m[1mGenerating C code for ROS interfaces[0m
[0.902s] [35m[1mScanning dependencies of target tutorial_interfaces__cpp[0m
[0.911s] [  5%] [34m[1mGenerating C++ code for ROS interfaces[0m
[1.211s] [35m[1mScanning dependencies of target tutorial_interfaces__rosidl_generator_c[0m
[1.219s] [  5%] Built target tutorial_interfaces__cpp
[1.222s] [ 10%] [32mBuilding C object CMakeFiles/tutorial_interfaces__rosidl_generator_c.dir/rosidl_generator_c/tutorial_interfaces/srv/detail/add_three_ints__functions.c.o[0m
[1.222s] [ 10%] [32mBuilding C object CMakeFiles/tutorial_interfaces__rosidl_generator_c.dir/rosidl_generator_c/tutorial_interfaces/msg/detail/num__functions.c.o[0m
[1.230s] [ 15%] [34m[1mGenerating C++ type support for eProsima Fast-RTPS[0m
[1.230s] [ 15%] [34m[1mGenerating C++ type support dispatch for ROS interfaces[0m
[1.232s] [ 17%] [34m[1mGenerating C++ introspection for ROS interfaces[0m
[1.270s] [ 20%] [32m[1mLinking C shared library libtutorial_interfaces__rosidl_generator_c.so[0m
[1.305s] [ 20%] Built target tutorial_interfaces__rosidl_generator_c
[1.315s] [ 25%] [34m[1mGenerating C type support dispatch for ROS interfaces[0m
[1.315s] [ 25%] [34m[1mGenerating C introspection for ROS interfaces[0m
[1.538s] [35m[1mScanning dependencies of target tutorial_interfaces__rosidl_typesupport_fastrtps_cpp[0m
[1.568s] [ 28%] [32mBuilding CXX object CMakeFiles/tutorial_interfaces__rosidl_typesupport_fastrtps_cpp.dir/rosidl_typesupport_fastrtps_cpp/tutorial_interfaces/srv/detail/dds_fastrtps/add_three_ints__type_support.cpp.o[0m
[1.569s] [ 30%] [32mBuilding CXX object CMakeFiles/tutorial_interfaces__rosidl_typesupport_fastrtps_cpp.dir/rosidl_typesupport_fastrtps_cpp/tutorial_interfaces/msg/detail/dds_fastrtps/num__type_support.cpp.o[0m
[1.613s] [35m[1mScanning dependencies of target tutorial_interfaces__rosidl_typesupport_cpp[0m
[1.632s] [ 33%] [32mBuilding CXX object CMakeFiles/tutorial_interfaces__rosidl_typesupport_cpp.dir/rosidl_typesupport_cpp/tutorial_interfaces/srv/add_three_ints__type_support.cpp.o[0m
[1.633s] [ 35%] [32mBuilding CXX object CMakeFiles/tutorial_interfaces__rosidl_typesupport_cpp.dir/rosidl_typesupport_cpp/tutorial_interfaces/msg/num__type_support.cpp.o[0m
[1.662s] [35m[1mScanning dependencies of target tutorial_interfaces__rosidl_typesupport_introspection_cpp[0m
[1.680s] [35m[1mScanning dependencies of target tutorial_interfaces__rosidl_typesupport_c[0m
[1.686s] [ 38%] [32mBuilding CXX object CMakeFiles/tutorial_interfaces__rosidl_typesupport_introspection_cpp.dir/rosidl_typesupport_introspection_cpp/tutorial_interfaces/msg/detail/num__type_support.cpp.o[0m
[1.688s] [ 41%] [32mBuilding CXX object CMakeFiles/tutorial_interfaces__rosidl_typesupport_introspection_cpp.dir/rosidl_typesupport_introspection_cpp/tutorial_interfaces/srv/detail/add_three_ints__type_support.cpp.o[0m
[1.701s] [35m[1mScanning dependencies of target tutorial_interfaces__rosidl_typesupport_introspection_c[0m
[1.703s] [ 43%] [32mBuilding CXX object CMakeFiles/tutorial_interfaces__rosidl_typesupport_c.dir/rosidl_typesupport_c/tutorial_interfaces/msg/num__type_support.cpp.o[0m
[1.760s] [ 46%] [32mBuilding C object CMakeFiles/tutorial_interfaces__rosidl_typesupport_introspection_c.dir/rosidl_typesupport_introspection_c/tutorial_interfaces/msg/detail/num__type_support.c.o[0m
[1.796s] [ 48%] [32mBuilding CXX object CMakeFiles/tutorial_interfaces__rosidl_typesupport_c.dir/rosidl_typesupport_c/tutorial_interfaces/srv/add_three_ints__type_support.cpp.o[0m
[1.845s] [ 51%] [32mBuilding C object CMakeFiles/tutorial_interfaces__rosidl_typesupport_introspection_c.dir/rosidl_typesupport_introspection_c/tutorial_interfaces/srv/detail/add_three_ints__type_support.c.o[0m
[1.886s] [ 53%] [32m[1mLinking CXX shared library libtutorial_interfaces__rosidl_typesupport_c.so[0m
[1.939s] [ 56%] [32m[1mLinking C shared library libtutorial_interfaces__rosidl_typesupport_introspection_c.so[0m
[1.961s] [ 56%] Built target tutorial_interfaces__rosidl_typesupport_c
[1.998s] [ 56%] Built target tutorial_interfaces__rosidl_typesupport_introspection_c
[2.135s] [ 58%] [32m[1mLinking CXX shared library libtutorial_interfaces__rosidl_typesupport_cpp.so[0m
[2.174s] [ 61%] [32m[1mLinking CXX shared library libtutorial_interfaces__rosidl_typesupport_introspection_cpp.so[0m
[2.183s] [ 61%] Built target tutorial_interfaces__rosidl_typesupport_cpp
[2.218s] [ 61%] Built target tutorial_interfaces__rosidl_typesupport_introspection_cpp
[2.254s] [ 64%] [32m[1mLinking CXX shared library libtutorial_interfaces__rosidl_typesupport_fastrtps_cpp.so[0m
[2.344s] [ 64%] Built target tutorial_interfaces__rosidl_typesupport_fastrtps_cpp
[2.353s] [ 66%] [34m[1mGenerating C type support for eProsima Fast-RTPS[0m
[2.632s] [35m[1mScanning dependencies of target tutorial_interfaces__rosidl_typesupport_fastrtps_c[0m
[2.650s] [ 71%] [32mBuilding CXX object CMakeFiles/tutorial_interfaces__rosidl_typesupport_fastrtps_c.dir/rosidl_typesupport_fastrtps_c/tutorial_interfaces/srv/detail/add_three_ints__type_support_c.cpp.o[0m
[2.650s] [ 71%] [32mBuilding CXX object CMakeFiles/tutorial_interfaces__rosidl_typesupport_fastrtps_c.dir/rosidl_typesupport_fastrtps_c/tutorial_interfaces/msg/detail/num__type_support_c.cpp.o[0m
[3.007s] [ 74%] [32m[1mLinking CXX shared library libtutorial_interfaces__rosidl_typesupport_fastrtps_c.so[0m
[3.094s] [ 74%] Built target tutorial_interfaces__rosidl_typesupport_fastrtps_c
[3.104s] [35m[1mScanning dependencies of target tutorial_interfaces[0m
[3.114s] [ 74%] Built target tutorial_interfaces
[3.124s] [35m[1mScanning dependencies of target tutorial_interfaces__py[0m
[3.135s] [ 76%] [34m[1mGenerating Python code for ROS interfaces[0m
[3.633s] [ 76%] Built target tutorial_interfaces__py
[3.643s] [35m[1mScanning dependencies of target tutorial_interfaces__python[0m
[3.675s] [ 82%] [32mBuilding C object CMakeFiles/tutorial_interfaces__python.dir/rosidl_generator_py/tutorial_interfaces/msg/_num_s.c.o[0m
[3.676s] [ 82%] [32mBuilding C object CMakeFiles/tutorial_interfaces__python.dir/rosidl_generator_py/tutorial_interfaces/srv/_add_three_ints_s.c.o[0m
[3.776s] [ 84%] [32m[1mLinking C shared library rosidl_generator_py/tutorial_interfaces/libtutorial_interfaces__python.so[0m
[3.813s] [ 84%] Built target tutorial_interfaces__python
[3.823s] [35m[1mScanning dependencies of target tutorial_interfaces__rosidl_typesupport_c__pyext[0m
[3.823s] [35m[1mScanning dependencies of target tutorial_interfaces__rosidl_typesupport_introspection_c__pyext[0m
[3.823s] [35m[1mScanning dependencies of target tutorial_interfaces__rosidl_typesupport_fastrtps_c__pyext[0m
[3.841s] [ 87%] [32mBuilding C object CMakeFiles/tutorial_interfaces__rosidl_typesupport_introspection_c__pyext.dir/rosidl_generator_py/tutorial_interfaces/_tutorial_interfaces_s.ep.rosidl_typesupport_introspection_c.c.o[0m
[3.847s] [ 89%] [32mBuilding C object CMakeFiles/tutorial_interfaces__rosidl_typesupport_fastrtps_c__pyext.dir/rosidl_generator_py/tutorial_interfaces/_tutorial_interfaces_s.ep.rosidl_typesupport_fastrtps_c.c.o[0m
[3.847s] [ 92%] [32mBuilding C object CMakeFiles/tutorial_interfaces__rosidl_typesupport_c__pyext.dir/rosidl_generator_py/tutorial_interfaces/_tutorial_interfaces_s.ep.rosidl_typesupport_c.c.o[0m
[3.926s] [ 94%] [32m[1mLinking C shared library rosidl_generator_py/tutorial_interfaces/tutorial_interfaces_s__rosidl_typesupport_introspection_c.cpython-38-x86_64-linux-gnu.so[0m
[3.930s] [ 97%] [32m[1mLinking C shared library rosidl_generator_py/tutorial_interfaces/tutorial_interfaces_s__rosidl_typesupport_c.cpython-38-x86_64-linux-gnu.so[0m
[3.932s] [100%] [32m[1mLinking CXX shared library rosidl_generator_py/tutorial_interfaces/tutorial_interfaces_s__rosidl_typesupport_fastrtps_c.cpython-38-x86_64-linux-gnu.so[0m
[3.960s] [100%] Built target tutorial_interfaces__rosidl_typesupport_introspection_c__pyext
[3.963s] [100%] Built target tutorial_interfaces__rosidl_typesupport_c__pyext
[3.995s] [100%] Built target tutorial_interfaces__rosidl_typesupport_fastrtps_c__pyext
[4.006s] Invoked command in '/home/junwoo/dev_ws/build/tutorial_interfaces' returned '0': CMAKE_PREFIX_PATH=${CMAKE_PREFIX_PATH}:/opt/ros/foxy /usr/bin/cmake --build /home/junwoo/dev_ws/build/tutorial_interfaces -- -j8 -l8
[4.077s] Invoking command in '/home/junwoo/dev_ws/build/tutorial_interfaces': CMAKE_PREFIX_PATH=${CMAKE_PREFIX_PATH}:/opt/ros/foxy /usr/bin/cmake --install /home/junwoo/dev_ws/build/tutorial_interfaces
[4.085s] -- Install configuration: ""
[4.086s] -- Installing: /home/junwoo/dev_ws/install/tutorial_interfaces/share/ament_index/resource_index/rosidl_interfaces/tutorial_interfaces
[4.086s] -- Installing: /home/junwoo/dev_ws/install/tutorial_interfaces/include/tutorial_interfaces
[4.086s] -- Installing: /home/junwoo/dev_ws/install/tutorial_interfaces/include/tutorial_interfaces/msg
[4.086s] -- Installing: /home/junwoo/dev_ws/install/tutorial_interfaces/include/tutorial_interfaces/msg/rosidl_generator_c__visibility_control.h
[4.086s] -- Installing: /home/junwoo/dev_ws/install/tutorial_interfaces/include/tutorial_interfaces/msg/num.h
[4.087s] -- Installing: /home/junwoo/dev_ws/install/tutorial_interfaces/include/tutorial_interfaces/msg/detail
[4.087s] -- Installing: /home/junwoo/dev_ws/install/tutorial_interfaces/include/tutorial_interfaces/msg/detail/num__type_support.h
[4.087s] -- Installing: /home/junwoo/dev_ws/install/tutorial_interfaces/include/tutorial_interfaces/msg/detail/num__struct.h
[4.087s] -- Installing: /home/junwoo/dev_ws/install/tutorial_interfaces/include/tutorial_interfaces/msg/detail/num__functions.h
[4.087s] -- Installing: /home/junwoo/dev_ws/install/tutorial_interfaces/include/tutorial_interfaces/msg/detail/num__functions.c
[4.087s] -- Installing: /home/junwoo/dev_ws/install/tutorial_interfaces/include/tutorial_interfaces/srv
[4.088s] -- Installing: /home/junwoo/dev_ws/install/tutorial_interfaces/include/tutorial_interfaces/srv/add_three_ints.h
[4.088s] -- Installing: /home/junwoo/dev_ws/install/tutorial_interfaces/include/tutorial_interfaces/srv/detail
[4.088s] -- Installing: /home/junwoo/dev_ws/install/tutorial_interfaces/include/tutorial_interfaces/srv/detail/add_three_ints__functions.c
[4.088s] -- Installing: /home/junwoo/dev_ws/install/tutorial_interfaces/include/tutorial_interfaces/srv/detail/add_three_ints__struct.h
[4.088s] -- Installing: /home/junwoo/dev_ws/install/tutorial_interfaces/include/tutorial_interfaces/srv/detail/add_three_ints__functions.h
[4.088s] -- Installing: /home/junwoo/dev_ws/install/tutorial_interfaces/include/tutorial_interfaces/srv/detail/add_three_ints__type_support.h
[4.088s] -- Installing: /home/junwoo/dev_ws/install/tutorial_interfaces/share/tutorial_interfaces/environment/library_path.sh
[4.088s] -- Installing: /home/junwoo/dev_ws/install/tutorial_interfaces/share/tutorial_interfaces/environment/library_path.dsv
[4.089s] -- Installing: /home/junwoo/dev_ws/install/tutorial_interfaces/lib/libtutorial_interfaces__rosidl_generator_c.so
[4.089s] -- Set runtime path of "/home/junwoo/dev_ws/install/tutorial_interfaces/lib/libtutorial_interfaces__rosidl_generator_c.so" to ""
[4.089s] -- Up-to-date: /home/junwoo/dev_ws/install/tutorial_interfaces/include/tutorial_interfaces
[4.089s] -- Up-to-date: /home/junwoo/dev_ws/install/tutorial_interfaces/include/tutorial_interfaces/msg
[4.089s] -- Installing: /home/junwoo/dev_ws/install/tutorial_interfaces/include/tutorial_interfaces/msg/rosidl_typesupport_fastrtps_c__visibility_control.h
[4.090s] -- Up-to-date: /home/junwoo/dev_ws/install/tutorial_interfaces/include/tutorial_interfaces/msg/detail
[4.090s] -- Installing: /home/junwoo/dev_ws/install/tutorial_interfaces/include/tutorial_interfaces/msg/detail/num__rosidl_typesupport_fastrtps_c.h
[4.090s] -- Up-to-date: /home/junwoo/dev_ws/install/tutorial_interfaces/include/tutorial_interfaces/srv
[4.090s] -- Up-to-date: /home/junwoo/dev_ws/install/tutorial_interfaces/include/tutorial_interfaces/srv/detail
[4.090s] -- Installing: /home/junwoo/dev_ws/install/tutorial_interfaces/include/tutorial_interfaces/srv/detail/add_three_ints__rosidl_typesupport_fastrtps_c.h
[4.090s] -- Installing: /home/junwoo/dev_ws/install/tutorial_interfaces/lib/libtutorial_interfaces__rosidl_typesupport_fastrtps_c.so
[4.090s] -- Set runtime path of "/home/junwoo/dev_ws/install/tutorial_interfaces/lib/libtutorial_interfaces__rosidl_typesupport_fastrtps_c.so" to ""
[4.091s] -- Up-to-date: /home/junwoo/dev_ws/install/tutorial_interfaces/include/tutorial_interfaces
[4.091s] -- Up-to-date: /home/junwoo/dev_ws/install/tutorial_interfaces/include/tutorial_interfaces/msg
[4.091s] -- Up-to-date: /home/junwoo/dev_ws/install/tutorial_interfaces/include/tutorial_interfaces/msg/detail
[4.091s] -- Installing: /home/junwoo/dev_ws/install/tutorial_interfaces/include/tutorial_interfaces/msg/detail/dds_fastrtps
[4.091s] -- Installing: /home/junwoo/dev_ws/install/tutorial_interfaces/include/tutorial_interfaces/msg/detail/num__rosidl_typesupport_fastrtps_cpp.hpp
[4.091s] -- Installing: /home/junwoo/dev_ws/install/tutorial_interfaces/include/tutorial_interfaces/msg/rosidl_typesupport_fastrtps_cpp__visibility_control.h
[4.092s] -- Up-to-date: /home/junwoo/dev_ws/install/tutorial_interfaces/include/tutorial_interfaces/srv
[4.092s] -- Up-to-date: /home/junwoo/dev_ws/install/tutorial_interfaces/include/tutorial_interfaces/srv/detail
[4.092s] -- Installing: /home/junwoo/dev_ws/install/tutorial_interfaces/include/tutorial_interfaces/srv/detail/add_three_ints__rosidl_typesupport_fastrtps_cpp.hpp
[4.092s] -- Installing: /home/junwoo/dev_ws/install/tutorial_interfaces/include/tutorial_interfaces/srv/detail/dds_fastrtps
[4.092s] -- Installing: /home/junwoo/dev_ws/install/tutorial_interfaces/lib/libtutorial_interfaces__rosidl_typesupport_fastrtps_cpp.so
[4.092s] -- Set runtime path of "/home/junwoo/dev_ws/install/tutorial_interfaces/lib/libtutorial_interfaces__rosidl_typesupport_fastrtps_cpp.so" to ""
[4.093s] -- Up-to-date: /home/junwoo/dev_ws/install/tutorial_interfaces/include/tutorial_interfaces
[4.093s] -- Up-to-date: /home/junwoo/dev_ws/install/tutorial_interfaces/include/tutorial_interfaces/msg
[4.093s] -- Up-to-date: /home/junwoo/dev_ws/install/tutorial_interfaces/include/tutorial_interfaces/msg/detail
[4.093s] -- Installing: /home/junwoo/dev_ws/install/tutorial_interfaces/include/tutorial_interfaces/msg/detail/num__rosidl_typesupport_introspection_c.h
[4.093s] -- Installing: /home/junwoo/dev_ws/install/tutorial_interfaces/include/tutorial_interfaces/msg/detail/num__type_support.c
[4.093s] -- Installing: /home/junwoo/dev_ws/install/tutorial_interfaces/include/tutorial_interfaces/msg/rosidl_typesupport_introspection_c__visibility_control.h
[4.093s] -- Up-to-date: /home/junwoo/dev_ws/install/tutorial_interfaces/include/tutorial_interfaces/srv
[4.094s] -- Up-to-date: /home/junwoo/dev_ws/install/tutorial_interfaces/include/tutorial_interfaces/srv/detail
[4.094s] -- Installing: /home/junwoo/dev_ws/install/tutorial_interfaces/include/tutorial_interfaces/srv/detail/add_three_ints__type_support.c
[4.094s] -- Installing: /home/junwoo/dev_ws/install/tutorial_interfaces/include/tutorial_interfaces/srv/detail/add_three_ints__rosidl_typesupport_introspection_c.h
[4.094s] -- Installing: /home/junwoo/dev_ws/install/tutorial_interfaces/lib/libtutorial_interfaces__rosidl_typesupport_introspection_c.so
[4.094s] -- Set runtime path of "/home/junwoo/dev_ws/install/tutorial_interfaces/lib/libtutorial_interfaces__rosidl_typesupport_introspection_c.so" to ""
[4.094s] -- Installing: /home/junwoo/dev_ws/install/tutorial_interfaces/lib/libtutorial_interfaces__rosidl_typesupport_c.so
[4.095s] -- Set runtime path of "/home/junwoo/dev_ws/install/tutorial_interfaces/lib/libtutorial_interfaces__rosidl_typesupport_c.so" to ""
[4.095s] -- Up-to-date: /home/junwoo/dev_ws/install/tutorial_interfaces/include/tutorial_interfaces
[4.095s] -- Up-to-date: /home/junwoo/dev_ws/install/tutorial_interfaces/include/tutorial_interfaces/msg
[4.095s] -- Up-to-date: /home/junwoo/dev_ws/install/tutorial_interfaces/include/tutorial_interfaces/msg/detail
[4.095s] -- Installing: /home/junwoo/dev_ws/install/tutorial_interfaces/include/tutorial_interfaces/msg/detail/num__builder.hpp
[4.095s] -- Installing: /home/junwoo/dev_ws/install/tutorial_interfaces/include/tutorial_interfaces/msg/detail/num__traits.hpp
[4.096s] -- Installing: /home/junwoo/dev_ws/install/tutorial_interfaces/include/tutorial_interfaces/msg/detail/num__struct.hpp
[4.096s] -- Installing: /home/junwoo/dev_ws/install/tutorial_interfaces/include/tutorial_interfaces/msg/num.hpp
[4.096s] -- Up-to-date: /home/junwoo/dev_ws/install/tutorial_interfaces/include/tutorial_interfaces/srv
[4.096s] -- Installing: /home/junwoo/dev_ws/install/tutorial_interfaces/include/tutorial_interfaces/srv/add_three_ints.hpp
[4.096s] -- Up-to-date: /home/junwoo/dev_ws/install/tutorial_interfaces/include/tutorial_interfaces/srv/detail
[4.096s] -- Installing: /home/junwoo/dev_ws/install/tutorial_interfaces/include/tutorial_interfaces/srv/detail/add_three_ints__builder.hpp
[4.096s] -- Installing: /home/junwoo/dev_ws/install/tutorial_interfaces/include/tutorial_interfaces/srv/detail/add_three_ints__traits.hpp
[4.096s] -- Installing: /home/junwoo/dev_ws/install/tutorial_interfaces/include/tutorial_interfaces/srv/detail/add_three_ints__struct.hpp
[4.096s] -- Up-to-date: /home/junwoo/dev_ws/install/tutorial_interfaces/include/tutorial_interfaces
[4.096s] -- Up-to-date: /home/junwoo/dev_ws/install/tutorial_interfaces/include/tutorial_interfaces/msg
[4.096s] -- Up-to-date: /home/junwoo/dev_ws/install/tutorial_interfaces/include/tutorial_interfaces/msg/detail
[4.097s] -- Installing: /home/junwoo/dev_ws/install/tutorial_interfaces/include/tutorial_interfaces/msg/detail/num__type_support.cpp
[4.097s] -- Installing: /home/junwoo/dev_ws/install/tutorial_interfaces/include/tutorial_interfaces/msg/detail/num__rosidl_typesupport_introspection_cpp.hpp
[4.097s] -- Up-to-date: /home/junwoo/dev_ws/install/tutorial_interfaces/include/tutorial_interfaces/srv
[4.097s] -- Up-to-date: /home/junwoo/dev_ws/install/tutorial_interfaces/include/tutorial_interfaces/srv/detail
[4.097s] -- Installing: /home/junwoo/dev_ws/install/tutorial_interfaces/include/tutorial_interfaces/srv/detail/add_three_ints__rosidl_typesupport_introspection_cpp.hpp
[4.097s] -- Installing: /home/junwoo/dev_ws/install/tutorial_interfaces/include/tutorial_interfaces/srv/detail/add_three_ints__type_support.cpp
[4.097s] -- Installing: /home/junwoo/dev_ws/install/tutorial_interfaces/lib/libtutorial_interfaces__rosidl_typesupport_introspection_cpp.so
[4.097s] -- Set runtime path of "/home/junwoo/dev_ws/install/tutorial_interfaces/lib/libtutorial_interfaces__rosidl_typesupport_introspection_cpp.so" to ""
[4.097s] -- Installing: /home/junwoo/dev_ws/install/tutorial_interfaces/lib/libtutorial_interfaces__rosidl_typesupport_cpp.so
[4.098s] -- Set runtime path of "/home/junwoo/dev_ws/install/tutorial_interfaces/lib/libtutorial_interfaces__rosidl_typesupport_cpp.so" to ""
[4.098s] -- Installing: /home/junwoo/dev_ws/install/tutorial_interfaces/share/tutorial_interfaces/environment/pythonpath.sh
[4.098s] -- Installing: /home/junwoo/dev_ws/install/tutorial_interfaces/share/tutorial_interfaces/environment/pythonpath.dsv
[4.098s] -- Installing: /home/junwoo/dev_ws/install/tutorial_interfaces/lib/python3.8/site-packages/tutorial_interfaces/__init__.py
[4.134s] Compiling '/home/junwoo/dev_ws/install/tutorial_interfaces/lib/python3.8/site-packages/tutorial_interfaces/__init__.py'...
[4.139s] -- Installing: /home/junwoo/dev_ws/install/tutorial_interfaces/lib/python3.8/site-packages/tutorial_interfaces/msg
[4.139s] -- Installing: /home/junwoo/dev_ws/install/tutorial_interfaces/lib/python3.8/site-packages/tutorial_interfaces/msg/__init__.py
[4.139s] -- Installing: /home/junwoo/dev_ws/install/tutorial_interfaces/lib/python3.8/site-packages/tutorial_interfaces/msg/_num_s.c
[4.140s] -- Installing: /home/junwoo/dev_ws/install/tutorial_interfaces/lib/python3.8/site-packages/tutorial_interfaces/msg/_num.py
[4.140s] -- Installing: /home/junwoo/dev_ws/install/tutorial_interfaces/lib/python3.8/site-packages/tutorial_interfaces/srv
[4.140s] -- Installing: /home/junwoo/dev_ws/install/tutorial_interfaces/lib/python3.8/site-packages/tutorial_interfaces/srv/__init__.py
[4.140s] -- Installing: /home/junwoo/dev_ws/install/tutorial_interfaces/lib/python3.8/site-packages/tutorial_interfaces/srv/_add_three_ints.py
[4.140s] -- Installing: /home/junwoo/dev_ws/install/tutorial_interfaces/lib/python3.8/site-packages/tutorial_interfaces/srv/_add_three_ints_s.c
[4.140s] -- Installing: /home/junwoo/dev_ws/install/tutorial_interfaces/lib/python3.8/site-packages/tutorial_interfaces/tutorial_interfaces_s__rosidl_typesupport_fastrtps_c.cpython-38-x86_64-linux-gnu.so
[4.140s] -- Set runtime path of "/home/junwoo/dev_ws/install/tutorial_interfaces/lib/python3.8/site-packages/tutorial_interfaces/tutorial_interfaces_s__rosidl_typesupport_fastrtps_c.cpython-38-x86_64-linux-gnu.so" to ""
[4.141s] -- Installing: /home/junwoo/dev_ws/install/tutorial_interfaces/lib/python3.8/site-packages/tutorial_interfaces/tutorial_interfaces_s__rosidl_typesupport_introspection_c.cpython-38-x86_64-linux-gnu.so
[4.141s] -- Set runtime path of "/home/junwoo/dev_ws/install/tutorial_interfaces/lib/python3.8/site-packages/tutorial_interfaces/tutorial_interfaces_s__rosidl_typesupport_introspection_c.cpython-38-x86_64-linux-gnu.so" to ""
[4.142s] -- Installing: /home/junwoo/dev_ws/install/tutorial_interfaces/lib/python3.8/site-packages/tutorial_interfaces/tutorial_interfaces_s__rosidl_typesupport_c.cpython-38-x86_64-linux-gnu.so
[4.142s] -- Set runtime path of "/home/junwoo/dev_ws/install/tutorial_interfaces/lib/python3.8/site-packages/tutorial_interfaces/tutorial_interfaces_s__rosidl_typesupport_c.cpython-38-x86_64-linux-gnu.so" to ""
[4.142s] -- Installing: /home/junwoo/dev_ws/install/tutorial_interfaces/lib/libtutorial_interfaces__python.so
[4.143s] -- Set runtime path of "/home/junwoo/dev_ws/install/tutorial_interfaces/lib/libtutorial_interfaces__python.so" to ""
[4.143s] -- Installing: /home/junwoo/dev_ws/install/tutorial_interfaces/share/tutorial_interfaces/msg/Num.idl
[4.143s] -- Installing: /home/junwoo/dev_ws/install/tutorial_interfaces/share/tutorial_interfaces/srv/AddThreeInts.idl
[4.143s] -- Installing: /home/junwoo/dev_ws/install/tutorial_interfaces/share/tutorial_interfaces/msg/Num.msg
[4.143s] -- Installing: /home/junwoo/dev_ws/install/tutorial_interfaces/share/tutorial_interfaces/srv/AddThreeInts.srv
[4.143s] -- Installing: /home/junwoo/dev_ws/install/tutorial_interfaces/share/tutorial_interfaces/srv/AddThreeInts_Request.msg
[4.143s] -- Installing: /home/junwoo/dev_ws/install/tutorial_interfaces/share/tutorial_interfaces/srv/AddThreeInts_Response.msg
[4.144s] -- Up-to-date: /home/junwoo/dev_ws/install/tutorial_interfaces/share/ament_index/resource_index/package_run_dependencies/tutorial_interfaces
[4.144s] -- Installing: /home/junwoo/dev_ws/install/tutorial_interfaces/share/ament_index/resource_index/parent_prefix_path/tutorial_interfaces
[4.144s] -- Up-to-date: /home/junwoo/dev_ws/install/tutorial_interfaces/share/tutorial_interfaces/environment/ament_prefix_path.sh
[4.144s] -- Installing: /home/junwoo/dev_ws/install/tutorial_interfaces/share/tutorial_interfaces/environment/ament_prefix_path.dsv
[4.144s] -- Up-to-date: /home/junwoo/dev_ws/install/tutorial_interfaces/share/tutorial_interfaces/environment/path.sh
[4.144s] -- Installing: /home/junwoo/dev_ws/install/tutorial_interfaces/share/tutorial_interfaces/environment/path.dsv
[4.144s] -- Up-to-date: /home/junwoo/dev_ws/install/tutorial_interfaces/share/tutorial_interfaces/local_setup.bash
[4.145s] -- Installing: /home/junwoo/dev_ws/install/tutorial_interfaces/share/tutorial_interfaces/local_setup.sh
[4.145s] -- Up-to-date: /home/junwoo/dev_ws/install/tutorial_interfaces/share/tutorial_interfaces/local_setup.zsh
[4.145s] -- Installing: /home/junwoo/dev_ws/install/tutorial_interfaces/share/tutorial_interfaces/local_setup.dsv
[4.145s] -- Installing: /home/junwoo/dev_ws/install/tutorial_interfaces/share/tutorial_interfaces/package.dsv
[4.145s] -- Up-to-date: /home/junwoo/dev_ws/install/tutorial_interfaces/share/ament_index/resource_index/packages/tutorial_interfaces
[4.145s] -- Installing: /home/junwoo/dev_ws/install/tutorial_interfaces/share/tutorial_interfaces/cmake/tutorial_interfaces__rosidl_generator_cExport.cmake
[4.145s] -- Installing: /home/junwoo/dev_ws/install/tutorial_interfaces/share/tutorial_interfaces/cmake/tutorial_interfaces__rosidl_generator_cExport-noconfig.cmake
[4.146s] -- Installing: /home/junwoo/dev_ws/install/tutorial_interfaces/share/tutorial_interfaces/cmake/tutorial_interfaces__rosidl_typesupport_introspection_cExport.cmake
[4.146s] -- Installing: /home/junwoo/dev_ws/install/tutorial_interfaces/share/tutorial_interfaces/cmake/tutorial_interfaces__rosidl_typesupport_introspection_cExport-noconfig.cmake
[4.146s] -- Installing: /home/junwoo/dev_ws/install/tutorial_interfaces/share/tutorial_interfaces/cmake/tutorial_interfaces__rosidl_typesupport_cExport.cmake
[4.146s] -- Installing: /home/junwoo/dev_ws/install/tutorial_interfaces/share/tutorial_interfaces/cmake/tutorial_interfaces__rosidl_typesupport_cExport-noconfig.cmake
[4.146s] -- Installing: /home/junwoo/dev_ws/install/tutorial_interfaces/share/tutorial_interfaces/cmake/tutorial_interfaces__rosidl_generator_cppExport.cmake
[4.146s] -- Installing: /home/junwoo/dev_ws/install/tutorial_interfaces/share/tutorial_interfaces/cmake/tutorial_interfaces__rosidl_typesupport_introspection_cppExport.cmake
[4.146s] -- Installing: /home/junwoo/dev_ws/install/tutorial_interfaces/share/tutorial_interfaces/cmake/tutorial_interfaces__rosidl_typesupport_introspection_cppExport-noconfig.cmake
[4.146s] -- Installing: /home/junwoo/dev_ws/install/tutorial_interfaces/share/tutorial_interfaces/cmake/tutorial_interfaces__rosidl_typesupport_cppExport.cmake
[4.147s] -- Installing: /home/junwoo/dev_ws/install/tutorial_interfaces/share/tutorial_interfaces/cmake/tutorial_interfaces__rosidl_typesupport_cppExport-noconfig.cmake
[4.147s] -- Installing: /home/junwoo/dev_ws/install/tutorial_interfaces/share/tutorial_interfaces/cmake/rosidl_cmake-extras.cmake
[4.147s] -- Installing: /home/junwoo/dev_ws/install/tutorial_interfaces/share/tutorial_interfaces/cmake/ament_cmake_export_dependencies-extras.cmake
[4.147s] -- Installing: /home/junwoo/dev_ws/install/tutorial_interfaces/share/tutorial_interfaces/cmake/ament_cmake_export_libraries-extras.cmake
[4.147s] -- Installing: /home/junwoo/dev_ws/install/tutorial_interfaces/share/tutorial_interfaces/cmake/ament_cmake_export_targets-extras.cmake
[4.147s] -- Installing: /home/junwoo/dev_ws/install/tutorial_interfaces/share/tutorial_interfaces/cmake/ament_cmake_export_include_directories-extras.cmake
[4.148s] -- Installing: /home/junwoo/dev_ws/install/tutorial_interfaces/share/tutorial_interfaces/cmake/rosidl_cmake_export_typesupport_libraries-extras.cmake
[4.148s] -- Installing: /home/junwoo/dev_ws/install/tutorial_interfaces/share/tutorial_interfaces/cmake/rosidl_cmake_export_typesupport_targets-extras.cmake
[4.148s] -- Installing: /home/junwoo/dev_ws/install/tutorial_interfaces/share/tutorial_interfaces/cmake/tutorial_interfacesConfig.cmake
[4.148s] -- Up-to-date: /home/junwoo/dev_ws/install/tutorial_interfaces/share/tutorial_interfaces/cmake/tutorial_interfacesConfig-version.cmake
[4.148s] -- Up-to-date: /home/junwoo/dev_ws/install/tutorial_interfaces/share/tutorial_interfaces/package.xml
[4.150s] Invoked command in '/home/junwoo/dev_ws/build/tutorial_interfaces' returned '0': CMAKE_PREFIX_PATH=${CMAKE_PREFIX_PATH}:/opt/ros/foxy /usr/bin/cmake --install /home/junwoo/dev_ws/build/tutorial_interfaces
