[0.011s] Invoking command in '/home/junwoo/dev_ws/build/cpp_srvcli': CMAKE_PREFIX_PATH=/opt/ros/foxy /usr/bin/cmake /home/junwoo/dev_ws/src/cpp_srvcli -DCMAKE_INSTALL_PREFIX=/home/junwoo/dev_ws/install/cpp_srvcli
[0.196s] -- The C compiler identification is GNU 9.4.0
[0.370s] -- The CXX compiler identification is GNU 9.4.0
[0.377s] -- Check for working C compiler: /usr/bin/cc
[0.440s] -- Check for working C compiler: /usr/bin/cc -- works
[0.442s] -- Detecting C compiler ABI info
[0.503s] -- Detecting C compiler ABI info - done
[0.515s] -- Detecting C compile features
[0.516s] -- Detecting C compile features - done
[0.519s] -- Check for working CXX compiler: /usr/bin/c++
[0.593s] -- Check for working CXX compiler: /usr/bin/c++ -- works
[0.594s] -- Detecting CXX compiler ABI info
[0.671s] -- Detecting CXX compiler ABI info - done
[0.683s] -- Detecting CXX compile features
[0.684s] -- Detecting CXX compile features - done
[0.688s] -- Found ament_cmake: 0.9.9 (/opt/ros/foxy/share/ament_cmake/cmake)
[0.713s] -- Found PythonInterp: /usr/bin/python3 (found suitable version "3.8.10", minimum required is "3") 
[0.713s] -- Using PYTHON_EXECUTABLE: /usr/bin/python3
[0.908s] -- Found rclcpp: 2.4.1 (/opt/ros/foxy/share/rclcpp/cmake)
[0.959s] -- Using all available rosidl_typesupport_c: rosidl_typesupport_fastrtps_c;rosidl_typesupport_introspection_c
[0.965s] -- Found rosidl_adapter: 1.2.1 (/opt/ros/foxy/share/rosidl_adapter/cmake)
[1.039s] -- Found OpenSSL: /usr/lib/x86_64-linux-gnu/libcrypto.so (found version "1.1.1f")  
[1.063s] -- Found FastRTPS: /opt/ros/foxy/include  
[1.138s] -- Using all available rosidl_typesupport_cpp: rosidl_typesupport_fastrtps_cpp;rosidl_typesupport_introspection_cpp
[1.200s] -- Found rmw_implementation_cmake: 1.0.3 (/opt/ros/foxy/share/rmw_implementation_cmake/cmake)
[1.202s] -- Using RMW implementation 'rmw_fastrtps_cpp' as default
[1.203s] -- Looking for pthread.h
[1.274s] -- Looking for pthread.h - found
[1.274s] -- Performing Test CMAKE_HAVE_LIBC_PTHREAD
[1.341s] -- Performing Test CMAKE_HAVE_LIBC_PTHREAD - Failed
[1.341s] -- Looking for pthread_create in pthreads
[1.396s] -- Looking for pthread_create in pthreads - not found
[1.396s] -- Looking for pthread_create in pthread
[1.459s] -- Looking for pthread_create in pthread - found
[1.460s] -- Found Threads: TRUE  
[1.622s] -- Found example_interfaces: 0.9.1 (/opt/ros/foxy/share/example_interfaces/cmake)
[1.741s] -- Found ament_lint_auto: 0.9.6 (/opt/ros/foxy/share/ament_lint_auto/cmake)
[1.895s] -- Added test 'copyright' to check source files copyright and LICENSE
[1.896s] -- Added test 'cppcheck' to perform static code analysis on C / C++ code
[1.897s] -- Configured cppcheck include dirs: 
[1.897s] -- Configured cppcheck exclude dirs and/or files: 
[1.898s] -- Added test 'cpplint' to check C / C++ code against the Google style
[1.899s] -- Configured cpplint exclude dirs and/or files: 
[1.900s] -- Added test 'lint_cmake' to check CMake code style
[1.902s] -- Added test 'uncrustify' to check C / C++ code style
[1.902s] -- Configured uncrustify additional arguments: 
[1.903s] -- Added test 'xmllint' to check XML markup files
[1.908s] -- Configuring done
[1.920s] -- Generating done
[1.923s] -- Build files have been written to: /home/junwoo/dev_ws/build/cpp_srvcli
[1.931s] Invoked command in '/home/junwoo/dev_ws/build/cpp_srvcli' returned '0': CMAKE_PREFIX_PATH=/opt/ros/foxy /usr/bin/cmake /home/junwoo/dev_ws/src/cpp_srvcli -DCMAKE_INSTALL_PREFIX=/home/junwoo/dev_ws/install/cpp_srvcli
[1.934s] Invoking command in '/home/junwoo/dev_ws/build/cpp_srvcli': CMAKE_PREFIX_PATH=/opt/ros/foxy /usr/bin/cmake --build /home/junwoo/dev_ws/build/cpp_srvcli -- -j8 -l8
[1.972s] [35m[1mScanning dependencies of target server[0m
[2.038s] [ 50%] [32mBuilding CXX object CMakeFiles/server.dir/src/add_two_ints_server.cpp.o[0m
[3.957s] [100%] [32m[1mLinking CXX executable server[0m
[4.098s] [100%] Built target server
[4.108s] Invoked command in '/home/junwoo/dev_ws/build/cpp_srvcli' returned '0': CMAKE_PREFIX_PATH=/opt/ros/foxy /usr/bin/cmake --build /home/junwoo/dev_ws/build/cpp_srvcli -- -j8 -l8
[4.140s] Invoking command in '/home/junwoo/dev_ws/build/cpp_srvcli': CMAKE_PREFIX_PATH=/opt/ros/foxy /usr/bin/cmake --install /home/junwoo/dev_ws/build/cpp_srvcli
[4.148s] -- Install configuration: ""
[4.148s] -- Installing: /home/junwoo/dev_ws/install/cpp_srvcli/lib/cpp_srvcli/server
[4.149s] -- Set runtime path of "/home/junwoo/dev_ws/install/cpp_srvcli/lib/cpp_srvcli/server" to ""
[4.149s] -- Installing: /home/junwoo/dev_ws/install/cpp_srvcli/share/ament_index/resource_index/package_run_dependencies/cpp_srvcli
[4.149s] -- Installing: /home/junwoo/dev_ws/install/cpp_srvcli/share/ament_index/resource_index/parent_prefix_path/cpp_srvcli
[4.149s] -- Installing: /home/junwoo/dev_ws/install/cpp_srvcli/share/cpp_srvcli/environment/ament_prefix_path.sh
[4.149s] -- Installing: /home/junwoo/dev_ws/install/cpp_srvcli/share/cpp_srvcli/environment/ament_prefix_path.dsv
[4.149s] -- Installing: /home/junwoo/dev_ws/install/cpp_srvcli/share/cpp_srvcli/environment/path.sh
[4.150s] -- Installing: /home/junwoo/dev_ws/install/cpp_srvcli/share/cpp_srvcli/environment/path.dsv
[4.150s] -- Installing: /home/junwoo/dev_ws/install/cpp_srvcli/share/cpp_srvcli/local_setup.bash
[4.150s] -- Installing: /home/junwoo/dev_ws/install/cpp_srvcli/share/cpp_srvcli/local_setup.sh
[4.150s] -- Installing: /home/junwoo/dev_ws/install/cpp_srvcli/share/cpp_srvcli/local_setup.zsh
[4.150s] -- Installing: /home/junwoo/dev_ws/install/cpp_srvcli/share/cpp_srvcli/local_setup.dsv
[4.150s] -- Installing: /home/junwoo/dev_ws/install/cpp_srvcli/share/cpp_srvcli/package.dsv
[4.151s] -- Installing: /home/junwoo/dev_ws/install/cpp_srvcli/share/ament_index/resource_index/packages/cpp_srvcli
[4.151s] -- Installing: /home/junwoo/dev_ws/install/cpp_srvcli/share/cpp_srvcli/cmake/cpp_srvcliConfig.cmake
[4.151s] -- Installing: /home/junwoo/dev_ws/install/cpp_srvcli/share/cpp_srvcli/cmake/cpp_srvcliConfig-version.cmake
[4.151s] -- Installing: /home/junwoo/dev_ws/install/cpp_srvcli/share/cpp_srvcli/package.xml
[4.153s] Invoked command in '/home/junwoo/dev_ws/build/cpp_srvcli' returned '0': CMAKE_PREFIX_PATH=/opt/ros/foxy /usr/bin/cmake --install /home/junwoo/dev_ws/build/cpp_srvcli
