[0.016s] Invoking command in '/home/junwoo/dev_ws/build/cpp_pubsub': CMAKE_PREFIX_PATH=${CMAKE_PREFIX_PATH}:/opt/ros/foxy /usr/bin/cmake /home/junwoo/dev_ws/src/cpp_pubsub -DCMAKE_INSTALL_PREFIX=/home/junwoo/dev_ws/install/cpp_pubsub
[0.071s] -- The C compiler identification is GNU 9.4.0
[0.124s] -- The CXX compiler identification is GNU 9.4.0
[0.128s] -- Check for working C compiler: /usr/bin/cc
[0.193s] -- Check for working C compiler: /usr/bin/cc -- works
[0.194s] -- Detecting C compiler ABI info
[0.258s] -- Detecting C compiler ABI info - done
[0.269s] -- Detecting C compile features
[0.270s] -- Detecting C compile features - done
[0.272s] -- Check for working CXX compiler: /usr/bin/c++
[0.346s] -- Check for working CXX compiler: /usr/bin/c++ -- works
[0.347s] -- Detecting CXX compiler ABI info
[0.423s] -- Detecting CXX compiler ABI info - done
[0.435s] -- Detecting CXX compile features
[0.436s] -- Detecting CXX compile features - done
[0.438s] -- Found ament_cmake: 0.9.9 (/opt/ros/foxy/share/ament_cmake/cmake)
[0.463s] -- Found PythonInterp: /usr/bin/python3 (found suitable version "3.8.10", minimum required is "3") 
[0.463s] -- Using PYTHON_EXECUTABLE: /usr/bin/python3
[0.649s] -- Found rclcpp: 2.4.1 (/opt/ros/foxy/share/rclcpp/cmake)
[0.690s] -- Using all available rosidl_typesupport_c: rosidl_typesupport_fastrtps_c;rosidl_typesupport_introspection_c
[0.696s] -- Found rosidl_adapter: 1.2.1 (/opt/ros/foxy/share/rosidl_adapter/cmake)
[0.768s] -- Found OpenSSL: /usr/lib/x86_64-linux-gnu/libcrypto.so (found version "1.1.1f")  
[0.793s] -- Found FastRTPS: /opt/ros/foxy/include  
[0.865s] -- Using all available rosidl_typesupport_cpp: rosidl_typesupport_fastrtps_cpp;rosidl_typesupport_introspection_cpp
[0.923s] -- Found rmw_implementation_cmake: 1.0.3 (/opt/ros/foxy/share/rmw_implementation_cmake/cmake)
[0.925s] -- Using RMW implementation 'rmw_fastrtps_cpp' as default
[0.926s] -- Looking for pthread.h
[0.994s] -- Looking for pthread.h - found
[0.995s] -- Performing Test CMAKE_HAVE_LIBC_PTHREAD
[1.068s] -- Performing Test CMAKE_HAVE_LIBC_PTHREAD - Failed
[1.068s] -- Looking for pthread_create in pthreads
[1.127s] -- Looking for pthread_create in pthreads - not found
[1.127s] -- Looking for pthread_create in pthread
[1.195s] -- Looking for pthread_create in pthread - found
[1.197s] -- Found Threads: TRUE  
[1.359s] -- Found tutorial_interfaces: 0.0.0 (/home/junwoo/dev_ws/install/tutorial_interfaces/share/tutorial_interfaces/cmake)
[1.367s] -- Found ament_lint_auto: 0.9.6 (/opt/ros/foxy/share/ament_lint_auto/cmake)
[1.495s] -- Added test 'copyright' to check source files copyright and LICENSE
[1.497s] -- Added test 'cppcheck' to perform static code analysis on C / C++ code
[1.497s] -- Configured cppcheck include dirs: 
[1.497s] -- Configured cppcheck exclude dirs and/or files: 
[1.498s] -- Added test 'cpplint' to check C / C++ code against the Google style
[1.498s] -- Configured cpplint exclude dirs and/or files: 
[1.499s] -- Added test 'lint_cmake' to check CMake code style
[1.500s] -- Added test 'uncrustify' to check C / C++ code style
[1.500s] -- Configured uncrustify additional arguments: 
[1.501s] -- Added test 'xmllint' to check XML markup files
[1.504s] -- Configuring done
[1.515s] -- Generating done
[1.516s] -- Build files have been written to: /home/junwoo/dev_ws/build/cpp_pubsub
[1.521s] Invoked command in '/home/junwoo/dev_ws/build/cpp_pubsub' returned '0': CMAKE_PREFIX_PATH=${CMAKE_PREFIX_PATH}:/opt/ros/foxy /usr/bin/cmake /home/junwoo/dev_ws/src/cpp_pubsub -DCMAKE_INSTALL_PREFIX=/home/junwoo/dev_ws/install/cpp_pubsub
[1.525s] Invoking command in '/home/junwoo/dev_ws/build/cpp_pubsub': CMAKE_PREFIX_PATH=${CMAKE_PREFIX_PATH}:/opt/ros/foxy /usr/bin/cmake --build /home/junwoo/dev_ws/build/cpp_pubsub -- -j8 -l8
[1.563s] [35m[1mScanning dependencies of target listener[0m
[1.563s] [35m[1mScanning dependencies of target talker[0m
[1.598s] [ 25%] [32mBuilding CXX object CMakeFiles/listener.dir/src/subscriber_member_function.cpp.o[0m
[1.601s] [ 50%] [32mBuilding CXX object CMakeFiles/talker.dir/src/publisher_member_function.cpp.o[0m
[4.595s] [ 75%] [32m[1mLinking CXX executable talker[0m
[4.763s] [ 75%] Built target talker
[6.261s] [100%] [32m[1mLinking CXX executable listener[0m
[6.498s] [100%] Built target listener
[6.510s] Invoked command in '/home/junwoo/dev_ws/build/cpp_pubsub' returned '0': CMAKE_PREFIX_PATH=${CMAKE_PREFIX_PATH}:/opt/ros/foxy /usr/bin/cmake --build /home/junwoo/dev_ws/build/cpp_pubsub -- -j8 -l8
[6.543s] Invoking command in '/home/junwoo/dev_ws/build/cpp_pubsub': CMAKE_PREFIX_PATH=${CMAKE_PREFIX_PATH}:/opt/ros/foxy /usr/bin/cmake --install /home/junwoo/dev_ws/build/cpp_pubsub
[6.551s] -- Install configuration: ""
[6.551s] -- Installing: /home/junwoo/dev_ws/install/cpp_pubsub/lib/cpp_pubsub/talker
[6.552s] -- Set runtime path of "/home/junwoo/dev_ws/install/cpp_pubsub/lib/cpp_pubsub/talker" to ""
[6.552s] -- Installing: /home/junwoo/dev_ws/install/cpp_pubsub/lib/cpp_pubsub/listener
[6.553s] -- Set runtime path of "/home/junwoo/dev_ws/install/cpp_pubsub/lib/cpp_pubsub/listener" to ""
[6.554s] -- Installing: /home/junwoo/dev_ws/install/cpp_pubsub/share/ament_index/resource_index/package_run_dependencies/cpp_pubsub
[6.554s] -- Installing: /home/junwoo/dev_ws/install/cpp_pubsub/share/ament_index/resource_index/parent_prefix_path/cpp_pubsub
[6.554s] -- Installing: /home/junwoo/dev_ws/install/cpp_pubsub/share/cpp_pubsub/environment/ament_prefix_path.sh
[6.554s] -- Installing: /home/junwoo/dev_ws/install/cpp_pubsub/share/cpp_pubsub/environment/ament_prefix_path.dsv
[6.554s] -- Installing: /home/junwoo/dev_ws/install/cpp_pubsub/share/cpp_pubsub/environment/path.sh
[6.555s] -- Installing: /home/junwoo/dev_ws/install/cpp_pubsub/share/cpp_pubsub/environment/path.dsv
[6.555s] -- Installing: /home/junwoo/dev_ws/install/cpp_pubsub/share/cpp_pubsub/local_setup.bash
[6.555s] -- Installing: /home/junwoo/dev_ws/install/cpp_pubsub/share/cpp_pubsub/local_setup.sh
[6.555s] -- Installing: /home/junwoo/dev_ws/install/cpp_pubsub/share/cpp_pubsub/local_setup.zsh
[6.555s] -- Installing: /home/junwoo/dev_ws/install/cpp_pubsub/share/cpp_pubsub/local_setup.dsv
[6.555s] -- Installing: /home/junwoo/dev_ws/install/cpp_pubsub/share/cpp_pubsub/package.dsv
[6.555s] -- Installing: /home/junwoo/dev_ws/install/cpp_pubsub/share/ament_index/resource_index/packages/cpp_pubsub
[6.556s] -- Installing: /home/junwoo/dev_ws/install/cpp_pubsub/share/cpp_pubsub/cmake/cpp_pubsubConfig.cmake
[6.556s] -- Installing: /home/junwoo/dev_ws/install/cpp_pubsub/share/cpp_pubsub/cmake/cpp_pubsubConfig-version.cmake
[6.556s] -- Installing: /home/junwoo/dev_ws/install/cpp_pubsub/share/cpp_pubsub/package.xml
[6.558s] Invoked command in '/home/junwoo/dev_ws/build/cpp_pubsub' returned '0': CMAKE_PREFIX_PATH=${CMAKE_PREFIX_PATH}:/opt/ros/foxy /usr/bin/cmake --install /home/junwoo/dev_ws/build/cpp_pubsub
