[0.013s] Invoking command in '/home/junwoo/dev_ws/build/tutorial_interfaces': CMAKE_PREFIX_PATH=${CMAKE_PREFIX_PATH}:/opt/ros/foxy /usr/bin/cmake /home/junwoo/dev_ws/src/tutorial_interfaces -DCMAKE_INSTALL_PREFIX=/home/junwoo/dev_ws/install/tutorial_interfaces
[0.195s] -- The C compiler identification is GNU 9.4.0
[0.250s] -- The CXX compiler identification is GNU 9.4.0
[0.254s] -- Check for working C compiler: /usr/bin/cc
[0.318s] -- Check for working C compiler: /usr/bin/cc -- works
[0.319s] -- Detecting C compiler ABI info
[0.387s] -- Detecting C compiler ABI info - done
[0.400s] -- Detecting C compile features
[0.401s] -- Detecting C compile features - done
[0.403s] -- Check for working CXX compiler: /usr/bin/c++
[0.482s] -- Check for working CXX compiler: /usr/bin/c++ -- works
[0.483s] -- Detecting CXX compiler ABI info
[0.561s] -- Detecting CXX compiler ABI info - done
[0.574s] -- Detecting CXX compile features
[0.574s] -- Detecting CXX compile features - done
[0.576s] -- Found ament_cmake: 0.9.9 (/opt/ros/foxy/share/ament_cmake/cmake)
[0.598s] -- Found PythonInterp: /usr/bin/python3 (found suitable version "3.8.10", minimum required is "3") 
[0.598s] -- Using PYTHON_EXECUTABLE: /usr/bin/python3
[0.780s] -- Found ament_lint_auto: 0.9.6 (/opt/ros/foxy/share/ament_lint_auto/cmake)
[0.900s] -- Added test 'copyright' to check source files copyright and LICENSE
[0.902s] -- Added test 'lint_cmake' to check CMake code style
[0.903s] -- Added test 'xmllint' to check XML markup files
[0.906s] -- Configuring done
[0.907s] -- Generating done
[0.908s] -- Build files have been written to: /home/junwoo/dev_ws/build/tutorial_interfaces
[0.911s] Invoked command in '/home/junwoo/dev_ws/build/tutorial_interfaces' returned '0': CMAKE_PREFIX_PATH=${CMAKE_PREFIX_PATH}:/opt/ros/foxy /usr/bin/cmake /home/junwoo/dev_ws/src/tutorial_interfaces -DCMAKE_INSTALL_PREFIX=/home/junwoo/dev_ws/install/tutorial_interfaces
[0.915s] Invoking command in '/home/junwoo/dev_ws/build/tutorial_interfaces': CMAKE_PREFIX_PATH=${CMAKE_PREFIX_PATH}:/opt/ros/foxy /usr/bin/cmake --build /home/junwoo/dev_ws/build/tutorial_interfaces -- -j8 -l8
[0.951s] Invoked command in '/home/junwoo/dev_ws/build/tutorial_interfaces' returned '0': CMAKE_PREFIX_PATH=${CMAKE_PREFIX_PATH}:/opt/ros/foxy /usr/bin/cmake --build /home/junwoo/dev_ws/build/tutorial_interfaces -- -j8 -l8
[0.981s] Invoking command in '/home/junwoo/dev_ws/build/tutorial_interfaces': CMAKE_PREFIX_PATH=${CMAKE_PREFIX_PATH}:/opt/ros/foxy /usr/bin/cmake --install /home/junwoo/dev_ws/build/tutorial_interfaces
[0.989s] -- Install configuration: ""
[0.989s] -- Installing: /home/junwoo/dev_ws/install/tutorial_interfaces/share/ament_index/resource_index/package_run_dependencies/tutorial_interfaces
[0.990s] -- Installing: /home/junwoo/dev_ws/install/tutorial_interfaces/share/ament_index/resource_index/parent_prefix_path/tutorial_interfaces
[0.990s] -- Installing: /home/junwoo/dev_ws/install/tutorial_interfaces/share/tutorial_interfaces/environment/ament_prefix_path.sh
[0.990s] -- Installing: /home/junwoo/dev_ws/install/tutorial_interfaces/share/tutorial_interfaces/environment/ament_prefix_path.dsv
[0.990s] -- Installing: /home/junwoo/dev_ws/install/tutorial_interfaces/share/tutorial_interfaces/environment/path.sh
[0.991s] -- Installing: /home/junwoo/dev_ws/install/tutorial_interfaces/share/tutorial_interfaces/environment/path.dsv
[0.991s] -- Installing: /home/junwoo/dev_ws/install/tutorial_interfaces/share/tutorial_interfaces/local_setup.bash
[0.991s] -- Installing: /home/junwoo/dev_ws/install/tutorial_interfaces/share/tutorial_interfaces/local_setup.sh
[0.991s] -- Installing: /home/junwoo/dev_ws/install/tutorial_interfaces/share/tutorial_interfaces/local_setup.zsh
[0.992s] -- Installing: /home/junwoo/dev_ws/install/tutorial_interfaces/share/tutorial_interfaces/local_setup.dsv
[0.992s] -- Installing: /home/junwoo/dev_ws/install/tutorial_interfaces/share/tutorial_interfaces/package.dsv
[0.992s] -- Installing: /home/junwoo/dev_ws/install/tutorial_interfaces/share/ament_index/resource_index/packages/tutorial_interfaces
[0.992s] -- Installing: /home/junwoo/dev_ws/install/tutorial_interfaces/share/tutorial_interfaces/cmake/tutorial_interfacesConfig.cmake
[0.992s] -- Installing: /home/junwoo/dev_ws/install/tutorial_interfaces/share/tutorial_interfaces/cmake/tutorial_interfacesConfig-version.cmake
[0.993s] -- Installing: /home/junwoo/dev_ws/install/tutorial_interfaces/share/tutorial_interfaces/package.xml
[0.995s] Invoked command in '/home/junwoo/dev_ws/build/tutorial_interfaces' returned '0': CMAKE_PREFIX_PATH=${CMAKE_PREFIX_PATH}:/opt/ros/foxy /usr/bin/cmake --install /home/junwoo/dev_ws/build/tutorial_interfaces
