[0.014s] Invoking command in '/home/junwoo/dev_ws/build/cpp_srvcli': CMAKE_PREFIX_PATH=${CMAKE_PREFIX_PATH}:/opt/ros/foxy /usr/bin/cmake --build /home/junwoo/dev_ws/build/cpp_srvcli -- -j8 -l8
[0.044s] -- Found ament_cmake: 0.9.9 (/opt/ros/foxy/share/ament_cmake/cmake)
[0.063s] -- Using PYTHON_EXECUTABLE: /usr/bin/python3
[0.225s] -- Found rclcpp: 2.4.1 (/opt/ros/foxy/share/rclcpp/cmake)
[0.258s] -- Using all available rosidl_typesupport_c: rosidl_typesupport_fastrtps_c;rosidl_typesupport_introspection_c
[0.261s] -- Found rosidl_adapter: 1.2.1 (/opt/ros/foxy/share/rosidl_adapter/cmake)
[0.365s] -- Using all available rosidl_typesupport_cpp: rosidl_typesupport_fastrtps_cpp;rosidl_typesupport_introspection_cpp
[0.413s] -- Found rmw_implementation_cmake: 1.0.3 (/opt/ros/foxy/share/rmw_implementation_cmake/cmake)
[0.415s] -- Using RMW implementation 'rmw_fastrtps_cpp' as default
[0.573s] -- Found example_interfaces: 0.9.1 (/opt/ros/foxy/share/example_interfaces/cmake)
[0.683s] -- Found ament_lint_auto: 0.9.6 (/opt/ros/foxy/share/ament_lint_auto/cmake)
[0.796s] -- Added test 'copyright' to check source files copyright and LICENSE
[0.797s] -- Added test 'cppcheck' to perform static code analysis on C / C++ code
[0.798s] -- Configured cppcheck include dirs: 
[0.798s] -- Configured cppcheck exclude dirs and/or files: 
[0.799s] -- Added test 'cpplint' to check C / C++ code against the Google style
[0.799s] -- Configured cpplint exclude dirs and/or files: 
[0.799s] -- Added test 'lint_cmake' to check CMake code style
[0.800s] -- Added test 'uncrustify' to check C / C++ code style
[0.800s] -- Configured uncrustify additional arguments: 
[0.801s] -- Added test 'xmllint' to check XML markup files
[0.803s] -- Configuring done
[0.817s] -- Generating done
[0.818s] -- Build files have been written to: /home/junwoo/dev_ws/build/cpp_srvcli
[0.841s] [35m[1mScanning dependencies of target client[0m
[0.859s] [ 50%] Built target server
[0.902s] [ 75%] [32mBuilding CXX object CMakeFiles/client.dir/src/add_two_ints_client.cpp.o[0m
[3.209s] [100%] [32m[1mLinking CXX executable client[0m
[3.370s] [100%] Built target client
[3.380s] Invoked command in '/home/junwoo/dev_ws/build/cpp_srvcli' returned '0': CMAKE_PREFIX_PATH=${CMAKE_PREFIX_PATH}:/opt/ros/foxy /usr/bin/cmake --build /home/junwoo/dev_ws/build/cpp_srvcli -- -j8 -l8
[3.414s] Invoking command in '/home/junwoo/dev_ws/build/cpp_srvcli': CMAKE_PREFIX_PATH=${CMAKE_PREFIX_PATH}:/opt/ros/foxy /usr/bin/cmake --install /home/junwoo/dev_ws/build/cpp_srvcli
[3.422s] -- Install configuration: ""
[3.422s] -- Up-to-date: /home/junwoo/dev_ws/install/cpp_srvcli/lib/cpp_srvcli/server
[3.422s] -- Installing: /home/junwoo/dev_ws/install/cpp_srvcli/lib/cpp_srvcli/client
[3.423s] -- Set runtime path of "/home/junwoo/dev_ws/install/cpp_srvcli/lib/cpp_srvcli/client" to ""
[3.424s] -- Up-to-date: /home/junwoo/dev_ws/install/cpp_srvcli/share/ament_index/resource_index/package_run_dependencies/cpp_srvcli
[3.424s] -- Installing: /home/junwoo/dev_ws/install/cpp_srvcli/share/ament_index/resource_index/parent_prefix_path/cpp_srvcli
[3.424s] -- Up-to-date: /home/junwoo/dev_ws/install/cpp_srvcli/share/cpp_srvcli/environment/ament_prefix_path.sh
[3.424s] -- Installing: /home/junwoo/dev_ws/install/cpp_srvcli/share/cpp_srvcli/environment/ament_prefix_path.dsv
[3.424s] -- Up-to-date: /home/junwoo/dev_ws/install/cpp_srvcli/share/cpp_srvcli/environment/path.sh
[3.424s] -- Installing: /home/junwoo/dev_ws/install/cpp_srvcli/share/cpp_srvcli/environment/path.dsv
[3.424s] -- Up-to-date: /home/junwoo/dev_ws/install/cpp_srvcli/share/cpp_srvcli/local_setup.bash
[3.424s] -- Up-to-date: /home/junwoo/dev_ws/install/cpp_srvcli/share/cpp_srvcli/local_setup.sh
[3.424s] -- Up-to-date: /home/junwoo/dev_ws/install/cpp_srvcli/share/cpp_srvcli/local_setup.zsh
[3.425s] -- Installing: /home/junwoo/dev_ws/install/cpp_srvcli/share/cpp_srvcli/local_setup.dsv
[3.425s] -- Installing: /home/junwoo/dev_ws/install/cpp_srvcli/share/cpp_srvcli/package.dsv
[3.425s] -- Up-to-date: /home/junwoo/dev_ws/install/cpp_srvcli/share/ament_index/resource_index/packages/cpp_srvcli
[3.425s] -- Up-to-date: /home/junwoo/dev_ws/install/cpp_srvcli/share/cpp_srvcli/cmake/cpp_srvcliConfig.cmake
[3.425s] -- Up-to-date: /home/junwoo/dev_ws/install/cpp_srvcli/share/cpp_srvcli/cmake/cpp_srvcliConfig-version.cmake
[3.425s] -- Up-to-date: /home/junwoo/dev_ws/install/cpp_srvcli/share/cpp_srvcli/package.xml
[3.427s] Invoked command in '/home/junwoo/dev_ws/build/cpp_srvcli' returned '0': CMAKE_PREFIX_PATH=${CMAKE_PREFIX_PATH}:/opt/ros/foxy /usr/bin/cmake --install /home/junwoo/dev_ws/build/cpp_srvcli
