[0.138s] DEBUG:colcon:Command line arguments: ['/usr/bin/colcon', 'build', '--packages-select', 'cpp_pubsub']
[0.138s] DEBUG:colcon:Parsed command line arguments: Namespace(allow_overriding=[], ament_cmake_args=None, base_paths=['.'], build_base='build', catkin_cmake_args=None, catkin_skip_building_tests=False, cmake_args=None, cmake_clean_cache=False, cmake_clean_first=False, cmake_force_configure=False, cmake_target=None, cmake_target_skip_unavailable=False, continue_on_error=False, event_handlers=None, executor='parallel', ignore_user_meta=False, install_base='install', log_base=None, log_level=None, main=<bound method BuildVerb.main of <colcon_core.verb.build.BuildVerb object at 0x7fb33a9862b0>>, merge_install=False, metas=['./colcon.meta'], packages_above=None, packages_above_and_dependencies=None, packages_above_depth=None, packages_end=None, packages_ignore=None, packages_ignore_regex=None, packages_select=['cpp_pubsub'], packages_select_build_failed=False, packages_select_by_dep=None, packages_select_regex=None, packages_select_test_failures=False, packages_skip=None, packages_skip_build_finished=False, packages_skip_by_dep=None, packages_skip_regex=None, packages_skip_test_passed=False, packages_skip_up_to=None, packages_start=None, packages_up_to=None, packages_up_to_regex=None, parallel_workers=8, paths=None, symlink_install=False, test_result_base=None, verb_extension=<colcon_core.verb.build.BuildVerb object at 0x7fb33a9862b0>, verb_name='build', verb_parser=<colcon_defaults.argument_parser.defaults.DefaultArgumentsDecorator object at 0x7fb33a9867f0>)
[0.162s] Level 1:colcon.colcon_core.package_discovery:discover_packages(colcon_meta) check parameters
[0.162s] Level 1:colcon.colcon_core.package_discovery:discover_packages(recursive) check parameters
[0.162s] Level 1:colcon.colcon_core.package_discovery:discover_packages(ignore) check parameters
[0.162s] Level 1:colcon.colcon_core.package_discovery:discover_packages(path) check parameters
[0.162s] Level 1:colcon.colcon_core.package_discovery:discover_packages(colcon_meta) discover
[0.162s] Level 1:colcon.colcon_core.package_discovery:discover_packages(recursive) discover
[0.162s] INFO:colcon.colcon_core.package_discovery:Crawling recursively for packages in '/home/junwoo/dev_ws/src'
[0.162s] Level 1:colcon.colcon_core.package_identification:_identify(.) by extensions ['ignore', 'ignore_ament_install']
[0.162s] Level 1:colcon.colcon_core.package_identification:_identify(.) by extension 'ignore'
[0.162s] Level 1:colcon.colcon_core.package_identification:_identify(.) by extension 'ignore_ament_install'
[0.162s] Level 1:colcon.colcon_core.package_identification:_identify(.) by extensions ['colcon_pkg']
[0.162s] Level 1:colcon.colcon_core.package_identification:_identify(.) by extension 'colcon_pkg'
[0.162s] Level 1:colcon.colcon_core.package_identification:_identify(.) by extensions ['colcon_meta']
[0.162s] Level 1:colcon.colcon_core.package_identification:_identify(.) by extension 'colcon_meta'
[0.162s] Level 1:colcon.colcon_core.package_identification:_identify(.) by extensions ['ros']
[0.162s] Level 1:colcon.colcon_core.package_identification:_identify(.) by extension 'ros'
[0.234s] Level 1:colcon.colcon_core.package_identification:_identify(.) by extensions ['cmake', 'python']
[0.234s] Level 1:colcon.colcon_core.package_identification:_identify(.) by extension 'cmake'
[0.235s] Level 1:colcon.colcon_core.package_identification:_identify(.) by extension 'python'
[0.235s] Level 1:colcon.colcon_core.package_identification:_identify(.) by extensions ['python_setup_py']
[0.235s] Level 1:colcon.colcon_core.package_identification:_identify(.) by extension 'python_setup_py'
[0.235s] Level 1:colcon.colcon_core.package_identification:_identify(build) by extensions ['ignore', 'ignore_ament_install']
[0.235s] Level 1:colcon.colcon_core.package_identification:_identify(build) by extension 'ignore'
[0.235s] Level 1:colcon.colcon_core.package_identification:_identify(build) ignored
[0.235s] Level 1:colcon.colcon_core.package_identification:_identify(cpp_pubsub) by extensions ['ignore', 'ignore_ament_install']
[0.235s] Level 1:colcon.colcon_core.package_identification:_identify(cpp_pubsub) by extension 'ignore'
[0.235s] Level 1:colcon.colcon_core.package_identification:_identify(cpp_pubsub) by extension 'ignore_ament_install'
[0.235s] Level 1:colcon.colcon_core.package_identification:_identify(cpp_pubsub) by extensions ['colcon_pkg']
[0.235s] Level 1:colcon.colcon_core.package_identification:_identify(cpp_pubsub) by extension 'colcon_pkg'
[0.235s] Level 1:colcon.colcon_core.package_identification:_identify(cpp_pubsub) by extensions ['colcon_meta']
[0.235s] Level 1:colcon.colcon_core.package_identification:_identify(cpp_pubsub) by extension 'colcon_meta'
[0.235s] Level 1:colcon.colcon_core.package_identification:_identify(cpp_pubsub) by extensions ['ros']
[0.235s] Level 1:colcon.colcon_core.package_identification:_identify(cpp_pubsub) by extension 'ros'
[0.237s] DEBUG:colcon.colcon_core.package_identification:Package 'cpp_pubsub' with type 'ros.ament_cmake' and name 'cpp_pubsub'
[0.237s] Level 1:colcon.colcon_core.package_identification:_identify(cpp_srvcli) by extensions ['ignore', 'ignore_ament_install']
[0.238s] Level 1:colcon.colcon_core.package_identification:_identify(cpp_srvcli) by extension 'ignore'
[0.238s] Level 1:colcon.colcon_core.package_identification:_identify(cpp_srvcli) by extension 'ignore_ament_install'
[0.238s] Level 1:colcon.colcon_core.package_identification:_identify(cpp_srvcli) by extensions ['colcon_pkg']
[0.238s] Level 1:colcon.colcon_core.package_identification:_identify(cpp_srvcli) by extension 'colcon_pkg'
[0.238s] Level 1:colcon.colcon_core.package_identification:_identify(cpp_srvcli) by extensions ['colcon_meta']
[0.238s] Level 1:colcon.colcon_core.package_identification:_identify(cpp_srvcli) by extension 'colcon_meta'
[0.238s] Level 1:colcon.colcon_core.package_identification:_identify(cpp_srvcli) by extensions ['ros']
[0.238s] Level 1:colcon.colcon_core.package_identification:_identify(cpp_srvcli) by extension 'ros'
[0.238s] DEBUG:colcon.colcon_core.package_identification:Package 'cpp_srvcli' with type 'ros.ament_cmake' and name 'cpp_srvcli'
[0.238s] Level 1:colcon.colcon_core.package_identification:_identify(install) by extensions ['ignore', 'ignore_ament_install']
[0.239s] Level 1:colcon.colcon_core.package_identification:_identify(install) by extension 'ignore'
[0.239s] Level 1:colcon.colcon_core.package_identification:_identify(install) ignored
[0.239s] Level 1:colcon.colcon_core.package_identification:_identify(log) by extensions ['ignore', 'ignore_ament_install']
[0.239s] Level 1:colcon.colcon_core.package_identification:_identify(log) by extension 'ignore'
[0.239s] Level 1:colcon.colcon_core.package_identification:_identify(log) ignored
[0.239s] Level 1:colcon.colcon_core.package_identification:_identify(tutorial_interfaces) by extensions ['ignore', 'ignore_ament_install']
[0.239s] Level 1:colcon.colcon_core.package_identification:_identify(tutorial_interfaces) by extension 'ignore'
[0.239s] Level 1:colcon.colcon_core.package_identification:_identify(tutorial_interfaces) by extension 'ignore_ament_install'
[0.239s] Level 1:colcon.colcon_core.package_identification:_identify(tutorial_interfaces) by extensions ['colcon_pkg']
[0.239s] Level 1:colcon.colcon_core.package_identification:_identify(tutorial_interfaces) by extension 'colcon_pkg'
[0.239s] Level 1:colcon.colcon_core.package_identification:_identify(tutorial_interfaces) by extensions ['colcon_meta']
[0.239s] Level 1:colcon.colcon_core.package_identification:_identify(tutorial_interfaces) by extension 'colcon_meta'
[0.239s] Level 1:colcon.colcon_core.package_identification:_identify(tutorial_interfaces) by extensions ['ros']
[0.239s] Level 1:colcon.colcon_core.package_identification:_identify(tutorial_interfaces) by extension 'ros'
[0.240s] DEBUG:colcon.colcon_core.package_identification:Package 'tutorial_interfaces' with type 'ros.ament_cmake' and name 'tutorial_interfaces'
[0.240s] Level 1:colcon.colcon_core.package_discovery:discover_packages(recursive) using defaults
[0.240s] Level 1:colcon.colcon_core.package_discovery:discover_packages(ignore) discover
[0.240s] Level 1:colcon.colcon_core.package_discovery:discover_packages(ignore) using defaults
[0.240s] Level 1:colcon.colcon_core.package_discovery:discover_packages(path) discover
[0.240s] Level 1:colcon.colcon_core.package_discovery:discover_packages(path) using defaults
[0.260s] INFO:colcon.colcon_core.package_selection:Skipping not selected package 'cpp_srvcli' in 'cpp_srvcli'
[0.260s] INFO:colcon.colcon_core.package_selection:Skipping not selected package 'tutorial_interfaces' in 'tutorial_interfaces'
[0.261s] Level 1:colcon.colcon_core.package_discovery:discover_packages(prefix_path) check parameters
[0.261s] Level 1:colcon.colcon_core.package_discovery:discover_packages(prefix_path) discover
[0.263s] DEBUG:colcon.colcon_installed_package_information.package_discovery:Found 2 installed packages in /home/junwoo/dev_ws/install
[0.265s] DEBUG:colcon.colcon_installed_package_information.package_discovery:Found 170 installed packages in /opt/ros/foxy
[0.266s] Level 1:colcon.colcon_core.package_discovery:discover_packages(prefix_path) using defaults
[0.306s] Level 5:colcon.colcon_core.verb:set package 'cpp_pubsub' build argument 'cmake_args' from command line to 'None'
[0.306s] Level 5:colcon.colcon_core.verb:set package 'cpp_pubsub' build argument 'cmake_target' from command line to 'None'
[0.306s] Level 5:colcon.colcon_core.verb:set package 'cpp_pubsub' build argument 'cmake_target_skip_unavailable' from command line to 'False'
[0.306s] Level 5:colcon.colcon_core.verb:set package 'cpp_pubsub' build argument 'cmake_clean_cache' from command line to 'False'
[0.306s] Level 5:colcon.colcon_core.verb:set package 'cpp_pubsub' build argument 'cmake_clean_first' from command line to 'False'
[0.307s] Level 5:colcon.colcon_core.verb:set package 'cpp_pubsub' build argument 'cmake_force_configure' from command line to 'False'
[0.307s] Level 5:colcon.colcon_core.verb:set package 'cpp_pubsub' build argument 'ament_cmake_args' from command line to 'None'
[0.307s] Level 5:colcon.colcon_core.verb:set package 'cpp_pubsub' build argument 'catkin_cmake_args' from command line to 'None'
[0.307s] Level 5:colcon.colcon_core.verb:set package 'cpp_pubsub' build argument 'catkin_skip_building_tests' from command line to 'False'
[0.307s] DEBUG:colcon.colcon_core.verb:Building package 'cpp_pubsub' with the following arguments: {'ament_cmake_args': None, 'build_base': '/home/junwoo/dev_ws/src/build/cpp_pubsub', 'catkin_cmake_args': None, 'catkin_skip_building_tests': False, 'cmake_args': None, 'cmake_clean_cache': False, 'cmake_clean_first': False, 'cmake_force_configure': False, 'cmake_target': None, 'cmake_target_skip_unavailable': False, 'install_base': '/home/junwoo/dev_ws/src/install/cpp_pubsub', 'merge_install': False, 'path': '/home/junwoo/dev_ws/src/cpp_pubsub', 'symlink_install': False, 'test_result_base': None}
[0.307s] INFO:colcon.colcon_core.executor:Executing jobs using 'parallel' executor
[0.311s] DEBUG:colcon.colcon_parallel_executor.executor.parallel:run_until_complete
[0.311s] INFO:colcon.colcon_ros.task.ament_cmake.build:Building ROS package in '/home/junwoo/dev_ws/src/cpp_pubsub' with build type 'ament_cmake'
[0.311s] INFO:colcon.colcon_cmake.task.cmake.build:Building CMake package in '/home/junwoo/dev_ws/src/cpp_pubsub'
[0.316s] INFO:colcon.colcon_core.plugin_system:Skipping extension 'colcon_core.shell.bat': Not used on non-Windows systems
[0.317s] INFO:colcon.colcon_core.shell:Skip shell extension 'powershell' for command environment: Not usable outside of PowerShell
[0.317s] DEBUG:colcon.colcon_core.shell:Skip shell extension 'dsv' for command environment
[0.319s] WARNING:colcon.colcon_core.shell:The following packages are in the workspace but haven't been built:
- tutorial_interfaces
They are being used from the following locations instead:
- /home/junwoo/dev_ws/install/tutorial_interfaces
To suppress this warning ignore these packages in the workspace:
--packages-ignore tutorial_interfaces
[0.328s] DEBUG:colcon.colcon_core.event_handler.log_command:Invoking command in '/home/junwoo/dev_ws/src/build/cpp_pubsub': CMAKE_PREFIX_PATH=${CMAKE_PREFIX_PATH}:/opt/ros/foxy /usr/bin/cmake /home/junwoo/dev_ws/src/cpp_pubsub -DCMAKE_INSTALL_PREFIX=/home/junwoo/dev_ws/src/install/cpp_pubsub
[1.869s] DEBUG:colcon.colcon_core.event_handler.log_command:Invoked command in '/home/junwoo/dev_ws/src/build/cpp_pubsub' returned '0': CMAKE_PREFIX_PATH=${CMAKE_PREFIX_PATH}:/opt/ros/foxy /usr/bin/cmake /home/junwoo/dev_ws/src/cpp_pubsub -DCMAKE_INSTALL_PREFIX=/home/junwoo/dev_ws/src/install/cpp_pubsub
[1.871s] DEBUG:colcon.colcon_core.event_handler.log_command:Invoking command in '/home/junwoo/dev_ws/src/build/cpp_pubsub': CMAKE_PREFIX_PATH=${CMAKE_PREFIX_PATH}:/opt/ros/foxy /usr/bin/cmake --build /home/junwoo/dev_ws/src/build/cpp_pubsub -- -j8 -l8
[6.824s] DEBUG:colcon.colcon_core.event_handler.log_command:Invoked command in '/home/junwoo/dev_ws/src/build/cpp_pubsub' returned '0': CMAKE_PREFIX_PATH=${CMAKE_PREFIX_PATH}:/opt/ros/foxy /usr/bin/cmake --build /home/junwoo/dev_ws/src/build/cpp_pubsub -- -j8 -l8
[6.860s] DEBUG:colcon.colcon_core.event_handler.log_command:Invoking command in '/home/junwoo/dev_ws/src/build/cpp_pubsub': CMAKE_PREFIX_PATH=${CMAKE_PREFIX_PATH}:/opt/ros/foxy /usr/bin/cmake --install /home/junwoo/dev_ws/src/build/cpp_pubsub
[6.875s] Level 1:colcon.colcon_core.environment:create_environment_scripts_only(cpp_pubsub)
[6.876s] DEBUG:colcon.colcon_core.event_handler.log_command:Invoked command in '/home/junwoo/dev_ws/src/build/cpp_pubsub' returned '0': CMAKE_PREFIX_PATH=${CMAKE_PREFIX_PATH}:/opt/ros/foxy /usr/bin/cmake --install /home/junwoo/dev_ws/src/build/cpp_pubsub
[6.880s] Level 1:colcon.colcon_core.environment:checking '/home/junwoo/dev_ws/src/install/cpp_pubsub' for CMake module files
[6.881s] Level 1:colcon.colcon_core.environment:checking '/home/junwoo/dev_ws/src/install/cpp_pubsub' for CMake config files
[6.881s] Level 1:colcon.colcon_core.shell:create_environment_hook('cpp_pubsub', 'cmake_prefix_path')
[6.882s] INFO:colcon.colcon_core.shell:Creating environment hook '/home/junwoo/dev_ws/src/install/cpp_pubsub/share/cpp_pubsub/hook/cmake_prefix_path.ps1'
[6.883s] INFO:colcon.colcon_core.shell:Creating environment descriptor '/home/junwoo/dev_ws/src/install/cpp_pubsub/share/cpp_pubsub/hook/cmake_prefix_path.dsv'
[6.883s] INFO:colcon.colcon_core.shell:Creating environment hook '/home/junwoo/dev_ws/src/install/cpp_pubsub/share/cpp_pubsub/hook/cmake_prefix_path.sh'
[6.884s] Level 1:colcon.colcon_core.environment:checking '/home/junwoo/dev_ws/src/install/cpp_pubsub/lib'
[6.884s] Level 1:colcon.colcon_core.environment:checking '/home/junwoo/dev_ws/src/install/cpp_pubsub/bin'
[6.885s] Level 1:colcon.colcon_core.environment:checking '/home/junwoo/dev_ws/src/install/cpp_pubsub/lib/pkgconfig/cpp_pubsub.pc'
[6.885s] Level 1:colcon.colcon_core.environment:checking '/home/junwoo/dev_ws/src/install/cpp_pubsub/lib/python3.8/site-packages'
[6.885s] Level 1:colcon.colcon_core.environment:checking '/home/junwoo/dev_ws/src/install/cpp_pubsub/bin'
[6.887s] INFO:colcon.colcon_core.shell:Creating package script '/home/junwoo/dev_ws/src/install/cpp_pubsub/share/cpp_pubsub/package.ps1'
[6.888s] INFO:colcon.colcon_core.shell:Creating package descriptor '/home/junwoo/dev_ws/src/install/cpp_pubsub/share/cpp_pubsub/package.dsv'
[6.888s] INFO:colcon.colcon_core.shell:Creating package script '/home/junwoo/dev_ws/src/install/cpp_pubsub/share/cpp_pubsub/package.sh'
[6.889s] INFO:colcon.colcon_core.shell:Creating package script '/home/junwoo/dev_ws/src/install/cpp_pubsub/share/cpp_pubsub/package.bash'
[6.890s] INFO:colcon.colcon_core.shell:Creating package script '/home/junwoo/dev_ws/src/install/cpp_pubsub/share/cpp_pubsub/package.zsh'
[6.890s] Level 1:colcon.colcon_core.environment:create_file_with_runtime_dependencies(/home/junwoo/dev_ws/src/install/cpp_pubsub/share/colcon-core/packages/cpp_pubsub)
[6.915s] Level 1:colcon.colcon_core.environment:create_environment_scripts_only(cpp_pubsub)
[6.917s] Level 1:colcon.colcon_core.environment:checking '/home/junwoo/dev_ws/src/install/cpp_pubsub' for CMake module files
[6.918s] Level 1:colcon.colcon_core.environment:checking '/home/junwoo/dev_ws/src/install/cpp_pubsub' for CMake config files
[6.918s] Level 1:colcon.colcon_core.shell:create_environment_hook('cpp_pubsub', 'cmake_prefix_path')
[6.919s] INFO:colcon.colcon_core.shell:Creating environment hook '/home/junwoo/dev_ws/src/install/cpp_pubsub/share/cpp_pubsub/hook/cmake_prefix_path.ps1'
[6.920s] INFO:colcon.colcon_core.shell:Creating environment descriptor '/home/junwoo/dev_ws/src/install/cpp_pubsub/share/cpp_pubsub/hook/cmake_prefix_path.dsv'
[6.920s] INFO:colcon.colcon_core.shell:Creating environment hook '/home/junwoo/dev_ws/src/install/cpp_pubsub/share/cpp_pubsub/hook/cmake_prefix_path.sh'
[6.921s] Level 1:colcon.colcon_core.environment:checking '/home/junwoo/dev_ws/src/install/cpp_pubsub/lib'
[6.921s] Level 1:colcon.colcon_core.environment:checking '/home/junwoo/dev_ws/src/install/cpp_pubsub/bin'
[6.921s] Level 1:colcon.colcon_core.environment:checking '/home/junwoo/dev_ws/src/install/cpp_pubsub/lib/pkgconfig/cpp_pubsub.pc'
[6.921s] Level 1:colcon.colcon_core.environment:checking '/home/junwoo/dev_ws/src/install/cpp_pubsub/lib/python3.8/site-packages'
[6.921s] Level 1:colcon.colcon_core.environment:checking '/home/junwoo/dev_ws/src/install/cpp_pubsub/bin'
[6.923s] INFO:colcon.colcon_core.shell:Creating package script '/home/junwoo/dev_ws/src/install/cpp_pubsub/share/cpp_pubsub/package.ps1'
[6.923s] INFO:colcon.colcon_core.shell:Creating package descriptor '/home/junwoo/dev_ws/src/install/cpp_pubsub/share/cpp_pubsub/package.dsv'
[6.924s] INFO:colcon.colcon_core.shell:Creating package script '/home/junwoo/dev_ws/src/install/cpp_pubsub/share/cpp_pubsub/package.sh'
[6.924s] INFO:colcon.colcon_core.shell:Creating package script '/home/junwoo/dev_ws/src/install/cpp_pubsub/share/cpp_pubsub/package.bash'
[6.924s] INFO:colcon.colcon_core.shell:Creating package script '/home/junwoo/dev_ws/src/install/cpp_pubsub/share/cpp_pubsub/package.zsh'
[6.925s] Level 1:colcon.colcon_core.environment:create_file_with_runtime_dependencies(/home/junwoo/dev_ws/src/install/cpp_pubsub/share/colcon-core/packages/cpp_pubsub)
[6.925s] DEBUG:colcon.colcon_parallel_executor.executor.parallel:closing loop
[6.925s] DEBUG:colcon.colcon_parallel_executor.executor.parallel:loop closed
[6.925s] DEBUG:colcon.colcon_parallel_executor.executor.parallel:run_until_complete finished with '0'
[6.925s] DEBUG:colcon.colcon_core.event_reactor:joining thread
[6.932s] INFO:colcon.colcon_core.plugin_system:Skipping extension 'colcon_notification.desktop_notification.terminal_notifier': Not used on non-Darwin systems
[6.932s] INFO:colcon.colcon_core.plugin_system:Skipping extension 'colcon_notification.desktop_notification.win32': Not used on non-Windows systems
[6.932s] INFO:colcon.colcon_notification.desktop_notification:Sending desktop notification using 'notify2'
[6.946s] DEBUG:colcon.colcon_core.event_reactor:joined thread
[6.947s] INFO:colcon.colcon_core.shell:Creating prefix script '/home/junwoo/dev_ws/src/install/local_setup.ps1'
[6.948s] INFO:colcon.colcon_core.shell:Creating prefix util module '/home/junwoo/dev_ws/src/install/_local_setup_util_ps1.py'
[6.949s] INFO:colcon.colcon_core.shell:Creating prefix chain script '/home/junwoo/dev_ws/src/install/setup.ps1'
[6.951s] INFO:colcon.colcon_core.shell:Creating prefix script '/home/junwoo/dev_ws/src/install/local_setup.sh'
[6.952s] INFO:colcon.colcon_core.shell:Creating prefix util module '/home/junwoo/dev_ws/src/install/_local_setup_util_sh.py'
[6.952s] INFO:colcon.colcon_core.shell:Creating prefix chain script '/home/junwoo/dev_ws/src/install/setup.sh'
[6.954s] INFO:colcon.colcon_core.shell:Creating prefix script '/home/junwoo/dev_ws/src/install/local_setup.bash'
[6.955s] INFO:colcon.colcon_core.shell:Creating prefix chain script '/home/junwoo/dev_ws/src/install/setup.bash'
[6.956s] INFO:colcon.colcon_core.shell:Creating prefix script '/home/junwoo/dev_ws/src/install/local_setup.zsh'
[6.957s] INFO:colcon.colcon_core.shell:Creating prefix chain script '/home/junwoo/dev_ws/src/install/setup.zsh'
